2015-04-09 15:29:35.583 todo[69364:3145563] DiskCookieStorage changing policy from 2 to 0, cookie file: file:///Users/lisa/Library/Developer/CoreSimulator/Devices/BA0501AB-998E-4B8B-ADD9-D48166D3D545/data/Containers/Data/Application/F3DFB8BC-DB2F-4FCA-AD53-A3E9A4151FF8/Library/Cookies/Cookies.binarycookies
2015-04-09 15:29:35.831 todo[69364:3145563] Apache Cordova native platform version 3.8.0 is starting.
2015-04-09 15:29:35.831 todo[69364:3145563] Multi-tasking -> Device: YES, App: YES
2015-04-09 15:29:35.844 todo[69364:3145563] Unlimited access to network resources
2015-04-09 15:29:36.154 todo[69364:3145563] [CDVTimer][keyboard] 0.092983ms
2015-04-09 15:29:36.154 todo[69364:3145563] [CDVTimer][TotalPluginStartup] 0.375032ms
2015-04-09 15:29:36.719 todo[69364:3145563] Resetting plugins due to page load.
2015-04-09 15:29:36.971 todo[69364:3145563] Finished load of: file:///Users/lisa/Library/Developer/CoreSimulator/Devices/BA0501AB-998E-4B8B-ADD9-D48166D3D545/data/Containers/Bundle/Application/F73F4A7B-2CFD-4B99-8E84-E513D1C98929/todo.app/www/index.html
2015-04-09 15:33:22.705 todo[69483:3147947] DiskCookieStorage changing policy from 2 to 0, cookie file: file:///Users/lisa/Library/Developer/CoreSimulator/Devices/BA0501AB-998E-4B8B-ADD9-D48166D3D545/data/Containers/Data/Application/32825301-2B7B-49AC-98D7-5492D0F77EA7/Library/Cookies/Cookies.binarycookies
2015-04-09 15:33:22.900 todo[69483:3147947] Apache Cordova native platform version 3.8.0 is starting.
2015-04-09 15:33:22.900 todo[69483:3147947] Multi-tasking -> Device: YES, App: YES
2015-04-09 15:33:22.914 todo[69483:3147947] Unlimited access to network resources
2015-04-09 15:33:23.178 todo[69483:3147947] [CDVTimer][keyboard] 0.067055ms
2015-04-09 15:33:23.178 todo[69483:3147947] [CDVTimer][TotalPluginStartup] 0.611961ms
2015-04-09 15:33:23.442 todo[69483:3147947] Resetting plugins due to page load.
2015-04-09 15:33:23.735 todo[69483:3147947] Finished load of: file:///Users/lisa/Library/Developer/CoreSimulator/Devices/BA0501AB-998E-4B8B-ADD9-D48166D3D545/data/Containers/Bundle/Application/99F9977C-C3EC-4F64-A135-856E96BA72B4/todo.app/www/index.html
2015-04-10 13:52:32.290 todo[1848:119263] DiskCookieStorage changing policy from 2 to 0, cookie file: file:///Users/lisa/Library/Developer/CoreSimulator/Devices/BA0501AB-998E-4B8B-ADD9-D48166D3D545/data/Containers/Data/Application/76BCE2AC-123C-4393-9FF5-6A2EF494406D/Library/Cookies/Cookies.binarycookies
2015-04-10 13:52:32.501 todo[1848:119263] Apache Cordova native platform version 3.8.0 is starting.
2015-04-10 13:52:32.502 todo[1848:119263] Multi-tasking -> Device: YES, App: YES
2015-04-10 13:52:32.517 todo[1848:119263] Unlimited access to network resources
2015-04-10 13:52:32.816 todo[1848:119263] [CDVTimer][keyboard] 0.072956ms
2015-04-10 13:52:32.816 todo[1848:119263] [CDVTimer][TotalPluginStartup] 0.289023ms
2015-04-10 13:52:33.050 todo[1848:119263] Resetting plugins due to page load.
2015-04-10 13:52:33.522 todo[1848:119263] Finished load of: file:///Users/lisa/Library/Developer/CoreSimulator/Devices/BA0501AB-998E-4B8B-ADD9-D48166D3D545/data/Containers/Bundle/Application/76E31B7E-00AC-4F44-BB18-9866E00F023D/todo.app/www/index.html
2015-04-10 13:54:35.904 todo[1950:120626] DiskCookieStorage changing policy from 2 to 0, cookie file: file:///Users/lisa/Library/Developer/CoreSimulator/Devices/BA0501AB-998E-4B8B-ADD9-D48166D3D545/data/Containers/Data/Application/0FC29F2B-6A62-464A-9FEA-EDB6C25E41E5/Library/Cookies/Cookies.binarycookies
2015-04-10 13:54:35.982 todo[1950:120626] Apache Cordova native platform version 3.8.0 is starting.
2015-04-10 13:54:35.982 todo[1950:120626] Multi-tasking -> Device: YES, App: YES
2015-04-10 13:54:35.984 todo[1950:120626] Unlimited access to network resources
2015-04-10 13:54:36.066 todo[1950:120626] [CDVTimer][keyboard] 0.055969ms
2015-04-10 13:54:36.066 todo[1950:120626] [CDVTimer][TotalPluginStartup] 0.203967ms
2015-04-10 13:54:36.151 todo[1950:120626] Resetting plugins due to page load.
2015-04-10 13:54:36.301 todo[1950:120626] Finished load of: file:///Users/lisa/Library/Developer/CoreSimulator/Devices/BA0501AB-998E-4B8B-ADD9-D48166D3D545/data/Containers/Bundle/Application/12B98191-74C3-4CF6-89EF-61A5A9E49845/todo.app/www/index.html
2015-04-10 14:08:01.144 todo[2104:126058] DiskCookieStorage changing policy from 2 to 0, cookie file: file:///Users/lisa/Library/Developer/CoreSimulator/Devices/BA0501AB-998E-4B8B-ADD9-D48166D3D545/data/Containers/Data/Application/D652002D-117A-40DB-AE63-E2717E7524EC/Library/Cookies/Cookies.binarycookies
2015-04-10 14:08:01.230 todo[2104:126058] Apache Cordova native platform version 3.8.0 is starting.
2015-04-10 14:08:01.231 todo[2104:126058] Multi-tasking -> Device: YES, App: YES
2015-04-10 14:08:01.232 todo[2104:126058] Unlimited access to network resources
2015-04-10 14:08:01.334 todo[2104:126058] [CDVTimer][keyboard] 0.057995ms
2015-04-10 14:08:01.334 todo[2104:126058] [CDVTimer][TotalPluginStartup] 0.209987ms
2015-04-10 14:08:01.489 todo[2104:126058] Resetting plugins due to page load.
2015-04-10 14:08:01.733 todo[2104:126058] Finished load of: file:///Users/lisa/Library/Developer/CoreSimulator/Devices/BA0501AB-998E-4B8B-ADD9-D48166D3D545/data/Containers/Bundle/Application/A39A2E27-F6C5-442E-8844-81C3BAE5E4AF/todo.app/www/index.html
2015-04-10 14:39:09.359 todo[2429:141528] DiskCookieStorage changing policy from 2 to 0, cookie file: file:///Users/lisa/Library/Developer/CoreSimulator/Devices/BA0501AB-998E-4B8B-ADD9-D48166D3D545/data/Containers/Data/Application/0462D839-9660-4318-B673-BD7D00395126/Library/Cookies/Cookies.binarycookies
2015-04-10 14:39:09.543 todo[2429:141528] Apache Cordova native platform version 3.8.0 is starting.
2015-04-10 14:39:09.544 todo[2429:141528] Multi-tasking -> Device: YES, App: YES
2015-04-10 14:39:09.557 todo[2429:141528] Unlimited access to network resources
2015-04-10 14:39:09.787 todo[2429:141528] [CDVTimer][keyboard] 0.078022ms
2015-04-10 14:39:09.788 todo[2429:141528] [CDVTimer][TotalPluginStartup] 0.571012ms
2015-04-10 14:39:10.048 todo[2429:141528] Resetting plugins due to page load.
2015-04-10 14:39:10.381 todo[2429:141528] Finished load of: file:///Users/lisa/Library/Developer/CoreSimulator/Devices/BA0501AB-998E-4B8B-ADD9-D48166D3D545/data/Containers/Bundle/Application/19D86B63-CF4A-4919-B152-2E85C6907CFD/todo.app/www/index.html
2015-04-10 14:45:42.289 todo[2539:144185] DiskCookieStorage changing policy from 2 to 0, cookie file: file:///Users/lisa/Library/Developer/CoreSimulator/Devices/BA0501AB-998E-4B8B-ADD9-D48166D3D545/data/Containers/Data/Application/CB27B9CB-4AFC-49E8-A954-BEAA8AD758A2/Library/Cookies/Cookies.binarycookies
2015-04-10 14:45:42.614 todo[2539:144185] Apache Cordova native platform version 3.8.0 is starting.
2015-04-10 14:45:42.617 todo[2539:144185] Multi-tasking -> Device: YES, App: YES
2015-04-10 14:45:42.640 todo[2539:144185] Unlimited access to network resources
2015-04-10 14:45:42.918 todo[2539:144185] [CDVTimer][keyboard] 0.070989ms
2015-04-10 14:45:42.919 todo[2539:144185] [CDVTimer][TotalPluginStartup] 0.515997ms
2015-04-10 14:45:43.168 todo[2539:144185] Resetting plugins due to page load.
2015-04-10 14:45:43.652 todo[2539:144185] Finished load of: file:///Users/lisa/Library/Developer/CoreSimulator/Devices/BA0501AB-998E-4B8B-ADD9-D48166D3D545/data/Containers/Bundle/Application/D654FE94-43E5-41AD-B668-D5C28428EF4B/todo.app/www/index.html
2015-04-10 14:47:43.247 todo[2627:145276] DiskCookieStorage changing policy from 2 to 0, cookie file: file:///Users/lisa/Library/Developer/CoreSimulator/Devices/BA0501AB-998E-4B8B-ADD9-D48166D3D545/data/Containers/Data/Application/A213DFCC-E0D6-41FD-BF5D-54B7B27A3C59/Library/Cookies/Cookies.binarycookies
2015-04-10 14:47:43.350 todo[2627:145276] Apache Cordova native platform version 3.8.0 is starting.
2015-04-10 14:47:43.350 todo[2627:145276] Multi-tasking -> Device: YES, App: YES
2015-04-10 14:47:43.351 todo[2627:145276] Unlimited access to network resources
2015-04-10 14:47:43.485 todo[2627:145276] [CDVTimer][keyboard] 0.056028ms
2015-04-10 14:47:43.485 todo[2627:145276] [CDVTimer][TotalPluginStartup] 0.229001ms
2015-04-10 14:47:43.556 todo[2627:145276] Resetting plugins due to page load.
2015-04-10 14:47:43.799 todo[2627:145276] Finished load of: file:///Users/lisa/Library/Developer/CoreSimulator/Devices/BA0501AB-998E-4B8B-ADD9-D48166D3D545/data/Containers/Bundle/Application/6ACE408E-0390-457F-AEB4-D40D56029B98/todo.app/www/index.html
2015-04-10 14:49:15.667 todo[2715:146138] DiskCookieStorage changing policy from 2 to 0, cookie file: file:///Users/lisa/Library/Developer/CoreSimulator/Devices/BA0501AB-998E-4B8B-ADD9-D48166D3D545/data/Containers/Data/Application/91EFE0D4-6024-40A1-8B18-EBA7F9959CB3/Library/Cookies/Cookies.binarycookies
2015-04-10 14:49:15.864 todo[2715:146138] Apache Cordova native platform version 3.8.0 is starting.
2015-04-10 14:49:15.866 todo[2715:146138] Multi-tasking -> Device: YES, App: YES
2015-04-10 14:49:15.874 todo[2715:146138] Unlimited access to network resources
2015-04-10 14:49:16.024 todo[2715:146138] [CDVTimer][keyboard] 0.058055ms
2015-04-10 14:49:16.024 todo[2715:146138] [CDVTimer][TotalPluginStartup] 0.229001ms
2015-04-10 14:49:16.166 todo[2715:146138] Resetting plugins due to page load.
2015-04-10 14:49:34.246 todo[2715:146163] void SendDelegateMessage(NSInvocation *): delegate (webView:runJavaScriptTextInputPanelWithPrompt:defaultText:initiatedByFrame:) failed to return after waiting 10 seconds. main run loop mode: kCFRunLoopDefaultMode
2015-04-10 14:49:34.307 todo[2715:146138] Finished load of: file:///Users/lisa/Library/Developer/CoreSimulator/Devices/BA0501AB-998E-4B8B-ADD9-D48166D3D545/data/Containers/Bundle/Application/21231743-F9AA-4D2C-B12F-D64484E28ED6/todo.app/www/index.html
2015-04-10 14:57:52.532 todo[2812:149039] DiskCookieStorage changing policy from 2 to 0, cookie file: file:///Users/lisa/Library/Developer/CoreSimulator/Devices/BA0501AB-998E-4B8B-ADD9-D48166D3D545/data/Containers/Data/Application/D958F50F-FEAB-467A-9F6A-B23E539434B0/Library/Cookies/Cookies.binarycookies
2015-04-10 14:57:52.708 todo[2812:149039] Apache Cordova native platform version 3.8.0 is starting.
2015-04-10 14:57:52.708 todo[2812:149039] Multi-tasking -> Device: YES, App: YES
2015-04-10 14:57:52.721 todo[2812:149039] Unlimited access to network resources
2015-04-10 14:57:52.949 todo[2812:149039] [CDVTimer][keyboard] 0.083029ms
2015-04-10 14:57:52.949 todo[2812:149039] [CDVTimer][TotalPluginStartup] 0.559032ms
2015-04-10 14:57:53.170 todo[2812:149039] Resetting plugins due to page load.
2015-04-10 14:57:53.580 todo[2812:149039] Finished load of: file:///Users/lisa/Library/Developer/CoreSimulator/Devices/BA0501AB-998E-4B8B-ADD9-D48166D3D545/data/Containers/Bundle/Application/A5AF72A4-5B09-4E22-A63C-CAEFE8AEDF1C/todo.app/www/index.html
2015-04-10 15:37:35.343 todo[3002:164423] DiskCookieStorage changing policy from 2 to 0, cookie file: file:///Users/lisa/Library/Developer/CoreSimulator/Devices/BA0501AB-998E-4B8B-ADD9-D48166D3D545/data/Containers/Data/Application/80FB5680-A887-4BD7-A2CD-78D322F7D69C/Library/Cookies/Cookies.binarycookies
2015-04-10 15:37:35.503 todo[3002:164423] Apache Cordova native platform version 3.8.0 is starting.
2015-04-10 15:37:35.503 todo[3002:164423] Multi-tasking -> Device: YES, App: YES
2015-04-10 15:37:35.513 todo[3002:164423] Unlimited access to network resources
2015-04-10 15:37:35.690 todo[3002:164423] [CDVTimer][keyboard] 0.067055ms
2015-04-10 15:37:35.690 todo[3002:164423] [CDVTimer][TotalPluginStartup] 0.534952ms
2015-04-10 15:37:35.910 todo[3002:164423] Resetting plugins due to page load.
2015-04-10 15:37:36.251 todo[3002:164423] Finished load of: file:///Users/lisa/Library/Developer/CoreSimulator/Devices/BA0501AB-998E-4B8B-ADD9-D48166D3D545/data/Containers/Bundle/Application/609EE688-CF03-4E4A-8D8B-586C36923F4C/todo.app/www/index.html
2015-04-10 15:44:29.503 todo[3097:166888] DiskCookieStorage changing policy from 2 to 0, cookie file: file:///Users/lisa/Library/Developer/CoreSimulator/Devices/BA0501AB-998E-4B8B-ADD9-D48166D3D545/data/Containers/Data/Application/5A10A87E-06A3-43AF-AFCF-BA3719063596/Library/Cookies/Cookies.binarycookies
2015-04-10 15:44:29.584 todo[3097:166888] Apache Cordova native platform version 3.8.0 is starting.
2015-04-10 15:44:29.585 todo[3097:166888] Multi-tasking -> Device: YES, App: YES
2015-04-10 15:44:29.587 todo[3097:166888] Unlimited access to network resources
2015-04-10 15:44:29.706 todo[3097:166888] [CDVTimer][keyboard] 0.056028ms
2015-04-10 15:44:29.706 todo[3097:166888] [CDVTimer][TotalPluginStartup] 0.215948ms
2015-04-10 15:44:29.783 todo[3097:166888] Resetting plugins due to page load.
2015-04-10 15:44:30.049 todo[3097:166888] Finished load of: file:///Users/lisa/Library/Developer/CoreSimulator/Devices/BA0501AB-998E-4B8B-ADD9-D48166D3D545/data/Containers/Bundle/Application/14544E1C-D50F-45A0-AB0C-90E8FCA4BAF6/todo.app/www/index.html
2015-04-10 15:45:09.165 todo[3183:167392] DiskCookieStorage changing policy from 2 to 0, cookie file: file:///Users/lisa/Library/Developer/CoreSimulator/Devices/BA0501AB-998E-4B8B-ADD9-D48166D3D545/data/Containers/Data/Application/85097075-F1E4-49AD-861F-FC6E38B21869/Library/Cookies/Cookies.binarycookies
2015-04-10 15:45:09.263 todo[3183:167392] Apache Cordova native platform version 3.8.0 is starting.
2015-04-10 15:45:09.264 todo[3183:167392] Multi-tasking -> Device: YES, App: YES
2015-04-10 15:45:09.266 todo[3183:167392] Unlimited access to network resources
2015-04-10 15:45:09.374 todo[3183:167392] [CDVTimer][keyboard] 0.056982ms
2015-04-10 15:45:09.374 todo[3183:167392] [CDVTimer][TotalPluginStartup] 0.235975ms
2015-04-10 15:45:09.456 todo[3183:167392] Resetting plugins due to page load.
2015-04-10 15:45:09.683 todo[3183:167392] Finished load of: file:///Users/lisa/Library/Developer/CoreSimulator/Devices/BA0501AB-998E-4B8B-ADD9-D48166D3D545/data/Containers/Bundle/Application/326A541B-853F-44E1-A7AA-D194C6E8B010/todo.app/www/index.html
2015-04-10 15:48:27.545 todo[3278:168756] DiskCookieStorage changing policy from 2 to 0, cookie file: file:///Users/lisa/Library/Developer/CoreSimulator/Devices/BA0501AB-998E-4B8B-ADD9-D48166D3D545/data/Containers/Data/Application/5E62CA33-B030-4776-A08D-3C2376414905/Library/Cookies/Cookies.binarycookies
2015-04-10 15:48:27.681 todo[3278:168756] Apache Cordova native platform version 3.8.0 is starting.
2015-04-10 15:48:27.681 todo[3278:168756] Multi-tasking -> Device: YES, App: YES
2015-04-10 15:48:27.682 todo[3278:168756] Unlimited access to network resources
2015-04-10 15:48:27.797 todo[3278:168756] [CDVTimer][keyboard] 0.066042ms
2015-04-10 15:48:27.797 todo[3278:168756] [CDVTimer][TotalPluginStartup] 0.257015ms
2015-04-10 15:48:27.881 todo[3278:168756] Resetting plugins due to page load.
2015-04-10 15:48:28.141 todo[3278:168756] Finished load of: file:///Users/lisa/Library/Developer/CoreSimulator/Devices/BA0501AB-998E-4B8B-ADD9-D48166D3D545/data/Containers/Bundle/Application/4BFB59BD-1C34-41B5-8AF4-D4DA2E259BD0/todo.app/www/index.html
2015-04-10 15:48:56.706 todo[3361:169202] DiskCookieStorage changing policy from 2 to 0, cookie file: file:///Users/lisa/Library/Developer/CoreSimulator/Devices/BA0501AB-998E-4B8B-ADD9-D48166D3D545/data/Containers/Data/Application/5219285B-D2A4-4280-BA4D-63BD72D741E4/Library/Cookies/Cookies.binarycookies
2015-04-10 15:48:56.802 todo[3361:169202] Apache Cordova native platform version 3.8.0 is starting.
2015-04-10 15:48:56.803 todo[3361:169202] Multi-tasking -> Device: YES, App: YES
2015-04-10 15:48:56.804 todo[3361:169202] Unlimited access to network resources
2015-04-10 15:48:56.910 todo[3361:169202] [CDVTimer][keyboard] 0.060976ms
2015-04-10 15:48:56.911 todo[3361:169202] [CDVTimer][TotalPluginStartup] 0.233948ms
2015-04-10 15:48:57.002 todo[3361:169202] Resetting plugins due to page load.
2015-04-10 15:48:57.252 todo[3361:169202] Finished load of: file:///Users/lisa/Library/Developer/CoreSimulator/Devices/BA0501AB-998E-4B8B-ADD9-D48166D3D545/data/Containers/Bundle/Application/6CD0EC16-0D90-4721-B487-5F9A96B5B39A/todo.app/www/index.html
2015-04-10 15:59:04.325 todo[3361:172423] Communications error: <OS_xpc_error: <error: 0x2d655f4> { count = 1, contents =
	"XPCErrorDescription" => <string: 0x2d6583c> { length = 22, contents = "Connection interrupted" }
}>
2015-04-10 16:52:14.207 todo[3653:189980] DiskCookieStorage changing policy from 2 to 0, cookie file: file:///Users/lisa/Library/Developer/CoreSimulator/Devices/BA0501AB-998E-4B8B-ADD9-D48166D3D545/data/Containers/Data/Application/20D0A2CB-0A61-41B8-A81C-3E4FBB6E497B/Library/Cookies/Cookies.binarycookies
2015-04-10 16:52:14.333 todo[3653:189980] Apache Cordova native platform version 3.8.0 is starting.
2015-04-10 16:52:14.333 todo[3653:189980] Multi-tasking -> Device: YES, App: YES
2015-04-10 16:52:14.346 todo[3653:189980] Unlimited access to network resources
2015-04-10 16:52:14.570 todo[3653:189980] [CDVTimer][keyboard] 0.918984ms
2015-04-10 16:52:14.570 todo[3653:189980] [CDVTimer][TotalPluginStartup] 1.754999ms
2015-04-10 16:52:14.753 todo[3653:189980] Resetting plugins due to page load.
2015-04-10 16:52:15.297 todo[3653:189980] Finished load of: file:///Users/lisa/Library/Developer/CoreSimulator/Devices/BA0501AB-998E-4B8B-ADD9-D48166D3D545/data/Containers/Bundle/Application/81B50CCB-D94F-4E16-A62F-19105A1FD142/todo.app/www/index.html
2015-04-10 17:17:13.889 todo[3878:199085] DiskCookieStorage changing policy from 2 to 0, cookie file: file:///Users/lisa/Library/Developer/CoreSimulator/Devices/BA0501AB-998E-4B8B-ADD9-D48166D3D545/data/Containers/Data/Application/C7C280D2-BC62-4BD4-A807-4959F9BF07E7/Library/Cookies/Cookies.binarycookies
2015-04-10 17:17:14.107 todo[3878:199085] Apache Cordova native platform version 3.8.0 is starting.
2015-04-10 17:17:14.107 todo[3878:199085] Multi-tasking -> Device: YES, App: YES
2015-04-10 17:17:14.119 todo[3878:199085] Unlimited access to network resources
2015-04-10 17:17:14.382 todo[3878:199085] [CDVTimer][keyboard] 0.106037ms
2015-04-10 17:17:14.383 todo[3878:199085] [CDVTimer][TotalPluginStartup] 0.684977ms
2015-04-10 17:17:14.642 todo[3878:199085] Resetting plugins due to page load.
2015-04-10 17:17:15.106 todo[3878:199085] Finished load of: file:///Users/lisa/Library/Developer/CoreSimulator/Devices/BA0501AB-998E-4B8B-ADD9-D48166D3D545/data/Containers/Bundle/Application/62342F6E-A16B-4488-B459-C1FD7121C08B/todo.app/www/index.html
2015-04-10 17:29:56.428 todo[3984:202880] DiskCookieStorage changing policy from 2 to 0, cookie file: file:///Users/lisa/Library/Developer/CoreSimulator/Devices/BA0501AB-998E-4B8B-ADD9-D48166D3D545/data/Containers/Data/Application/B02BD138-0654-49ED-82FC-FA52898362F1/Library/Cookies/Cookies.binarycookies
2015-04-10 17:29:56.625 todo[3984:202880] Apache Cordova native platform version 3.8.0 is starting.
2015-04-10 17:29:56.626 todo[3984:202880] Multi-tasking -> Device: YES, App: YES
2015-04-10 17:29:56.639 todo[3984:202880] Unlimited access to network resources
2015-04-10 17:29:56.904 todo[3984:202880] [CDVTimer][keyboard] 0.104964ms
2015-04-10 17:29:56.904 todo[3984:202880] [CDVTimer][TotalPluginStartup] 0.609040ms
2015-04-10 17:29:57.145 todo[3984:202880] Resetting plugins due to page load.
2015-04-10 17:29:57.581 todo[3984:202880] Finished load of: file:///Users/lisa/Library/Developer/CoreSimulator/Devices/BA0501AB-998E-4B8B-ADD9-D48166D3D545/data/Containers/Bundle/Application/975B548F-87CB-469F-97A4-52435AE139D5/todo.app/www/index.html
2015-04-10 17:36:39.914 todo[4078:204972] DiskCookieStorage changing policy from 2 to 0, cookie file: file:///Users/lisa/Library/Developer/CoreSimulator/Devices/BA0501AB-998E-4B8B-ADD9-D48166D3D545/data/Containers/Data/Application/26D59445-84F2-49F0-A78B-88B84BE04312/Library/Cookies/Cookies.binarycookies
2015-04-10 17:36:39.992 todo[4078:204972] Apache Cordova native platform version 3.8.0 is starting.
2015-04-10 17:36:39.993 todo[4078:204972] Multi-tasking -> Device: YES, App: YES
2015-04-10 17:36:39.994 todo[4078:204972] Unlimited access to network resources
2015-04-10 17:36:40.095 todo[4078:204972] [CDVTimer][keyboard] 0.057995ms
2015-04-10 17:36:40.095 todo[4078:204972] [CDVTimer][TotalPluginStartup] 0.216007ms
2015-04-10 17:36:40.244 todo[4078:204972] Resetting plugins due to page load.
2015-04-10 17:36:40.506 todo[4078:204972] Finished load of: file:///Users/lisa/Library/Developer/CoreSimulator/Devices/BA0501AB-998E-4B8B-ADD9-D48166D3D545/data/Containers/Bundle/Application/67032E96-E1DD-4D6D-888B-8227A5D94B5E/todo.app/www/index.html
2015-04-10 17:39:15.742 todo[4172:206070] DiskCookieStorage changing policy from 2 to 0, cookie file: file:///Users/lisa/Library/Developer/CoreSimulator/Devices/BA0501AB-998E-4B8B-ADD9-D48166D3D545/data/Containers/Data/Application/37474600-5C37-4ACB-8673-16089870AE41/Library/Cookies/Cookies.binarycookies
2015-04-10 17:39:15.825 todo[4172:206070] Apache Cordova native platform version 3.8.0 is starting.
2015-04-10 17:39:15.825 todo[4172:206070] Multi-tasking -> Device: YES, App: YES
2015-04-10 17:39:15.827 todo[4172:206070] Unlimited access to network resources
2015-04-10 17:39:15.918 todo[4172:206070] [CDVTimer][keyboard] 0.054002ms
2015-04-10 17:39:15.918 todo[4172:206070] [CDVTimer][TotalPluginStartup] 0.214040ms
2015-04-10 17:39:15.919 todo[4172:206070] ERROR: Start Page at 'www/inde.html' was not found.
2015-04-10 17:39:16.071 todo[4172:206070] Resetting plugins due to page load.
2015-04-10 17:39:16.089 todo[4172:206070] Finished load of: about:blank
2015-04-10 17:40:53.132 todo[4261:206951] DiskCookieStorage changing policy from 2 to 0, cookie file: file:///Users/lisa/Library/Developer/CoreSimulator/Devices/BA0501AB-998E-4B8B-ADD9-D48166D3D545/data/Containers/Data/Application/539B7F8A-AD35-43B0-B22D-8F93292B7540/Library/Cookies/Cookies.binarycookies
2015-04-10 17:40:53.235 todo[4261:206951] Apache Cordova native platform version 3.8.0 is starting.
2015-04-10 17:40:53.235 todo[4261:206951] Multi-tasking -> Device: YES, App: YES
2015-04-10 17:40:53.237 todo[4261:206951] Unlimited access to network resources
2015-04-10 17:40:53.347 todo[4261:206951] [CDVTimer][keyboard] 0.056982ms
2015-04-10 17:40:53.347 todo[4261:206951] [CDVTimer][TotalPluginStartup] 0.226021ms
2015-04-10 17:40:53.433 todo[4261:206951] Resetting plugins due to page load.
2015-04-10 17:40:53.725 todo[4261:206951] Finished load of: file:///Users/lisa/Library/Developer/CoreSimulator/Devices/BA0501AB-998E-4B8B-ADD9-D48166D3D545/data/Containers/Bundle/Application/4D03EE9A-8513-4F15-8EBC-F7A850F67665/todo.app/www/index.html
2015-04-10 17:41:43.549 todo[4345:207559] DiskCookieStorage changing policy from 2 to 0, cookie file: file:///Users/lisa/Library/Developer/CoreSimulator/Devices/BA0501AB-998E-4B8B-ADD9-D48166D3D545/data/Containers/Data/Application/3662489D-DF94-414E-85C9-D43843D8E903/Library/Cookies/Cookies.binarycookies
2015-04-10 17:41:43.631 todo[4345:207559] Apache Cordova native platform version 3.8.0 is starting.
2015-04-10 17:41:43.631 todo[4345:207559] Multi-tasking -> Device: YES, App: YES
2015-04-10 17:41:43.632 todo[4345:207559] Unlimited access to network resources
2015-04-10 17:41:43.723 todo[4345:207559] [CDVTimer][keyboard] 0.055015ms
2015-04-10 17:41:43.723 todo[4345:207559] [CDVTimer][TotalPluginStartup] 0.221968ms
2015-04-10 17:41:43.868 todo[4345:207559] Resetting plugins due to page load.
2015-04-10 17:41:44.101 todo[4345:207559] Finished load of: file:///Users/lisa/Library/Developer/CoreSimulator/Devices/BA0501AB-998E-4B8B-ADD9-D48166D3D545/data/Containers/Bundle/Application/257064E7-0B23-4BF3-8482-D90078B8A08A/todo.app/www/index.html
2015-04-10 17:47:10.097 todo[4438:209209] DiskCookieStorage changing policy from 2 to 0, cookie file: file:///Users/lisa/Library/Developer/CoreSimulator/Devices/BA0501AB-998E-4B8B-ADD9-D48166D3D545/data/Containers/Data/Application/B5899A9F-D872-447A-8C32-1FAE3B79B0B9/Library/Cookies/Cookies.binarycookies
2015-04-10 17:47:10.187 todo[4438:209209] Apache Cordova native platform version 3.8.0 is starting.
2015-04-10 17:47:10.188 todo[4438:209209] Multi-tasking -> Device: YES, App: YES
2015-04-10 17:47:10.190 todo[4438:209209] Unlimited access to network resources
2015-04-10 17:47:10.280 todo[4438:209209] [CDVTimer][keyboard] 0.052989ms
2015-04-10 17:47:10.280 todo[4438:209209] [CDVTimer][TotalPluginStartup] 0.215948ms
2015-04-10 17:47:10.376 todo[4438:209209] Resetting plugins due to page load.
2015-04-10 17:47:10.616 todo[4438:209209] Finished load of: file:///Users/lisa/Library/Developer/CoreSimulator/Devices/BA0501AB-998E-4B8B-ADD9-D48166D3D545/data/Containers/Bundle/Application/09D6B517-BF95-40E5-98BF-B39071D7E91A/todo.app/www/index.html
2015-04-10 17:47:49.006 todo[4521:209811] DiskCookieStorage changing policy from 2 to 0, cookie file: file:///Users/lisa/Library/Developer/CoreSimulator/Devices/BA0501AB-998E-4B8B-ADD9-D48166D3D545/data/Containers/Data/Application/2A8B197F-A3D1-4BF0-A304-1FA36BB09F87/Library/Cookies/Cookies.binarycookies
2015-04-10 17:47:49.099 todo[4521:209811] Apache Cordova native platform version 3.8.0 is starting.
2015-04-10 17:47:49.099 todo[4521:209811] Multi-tasking -> Device: YES, App: YES
2015-04-10 17:47:49.100 todo[4521:209811] Unlimited access to network resources
2015-04-10 17:47:49.211 todo[4521:209811] [CDVTimer][keyboard] 0.150979ms
2015-04-10 17:47:49.211 todo[4521:209811] [CDVTimer][TotalPluginStartup] 0.524044ms
2015-04-10 17:47:49.305 todo[4521:209811] Resetting plugins due to page load.
2015-04-10 17:47:49.551 todo[4521:209811] Finished load of: file:///Users/lisa/Library/Developer/CoreSimulator/Devices/BA0501AB-998E-4B8B-ADD9-D48166D3D545/data/Containers/Bundle/Application/8FB345B2-C264-42AE-8796-9442EA6BAAA8/todo.app/www/index.html
2015-04-10 17:48:09.032 todo[4607:210289] DiskCookieStorage changing policy from 2 to 0, cookie file: file:///Users/lisa/Library/Developer/CoreSimulator/Devices/BA0501AB-998E-4B8B-ADD9-D48166D3D545/data/Containers/Data/Application/9C955A9A-C60E-4532-A06E-68519B20B471/Library/Cookies/Cookies.binarycookies
2015-04-10 17:48:09.156 todo[4607:210289] Apache Cordova native platform version 3.8.0 is starting.
2015-04-10 17:48:09.156 todo[4607:210289] Multi-tasking -> Device: YES, App: YES
2015-04-10 17:48:09.157 todo[4607:210289] Unlimited access to network resources
2015-04-10 17:48:09.239 todo[4607:210289] [CDVTimer][keyboard] 0.057042ms
2015-04-10 17:48:09.239 todo[4607:210289] [CDVTimer][TotalPluginStartup] 0.220001ms
2015-04-10 17:48:09.331 todo[4607:210289] Resetting plugins due to page load.
2015-04-10 17:48:09.583 todo[4607:210289] Finished load of: file:///Users/lisa/Library/Developer/CoreSimulator/Devices/BA0501AB-998E-4B8B-ADD9-D48166D3D545/data/Containers/Bundle/Application/5BBE9AFB-C248-40CF-8E28-41FE62F4EF16/todo.app/www/index.html
2015-04-10 17:49:35.930 todo[4695:211148] DiskCookieStorage changing policy from 2 to 0, cookie file: file:///Users/lisa/Library/Developer/CoreSimulator/Devices/BA0501AB-998E-4B8B-ADD9-D48166D3D545/data/Containers/Data/Application/22E4B1BA-A521-40ED-AD32-C1A9E1E41991/Library/Cookies/Cookies.binarycookies
2015-04-10 17:49:36.013 todo[4695:211148] Apache Cordova native platform version 3.8.0 is starting.
2015-04-10 17:49:36.013 todo[4695:211148] Multi-tasking -> Device: YES, App: YES
2015-04-10 17:49:36.015 todo[4695:211148] Unlimited access to network resources
2015-04-10 17:49:36.097 todo[4695:211148] [CDVTimer][keyboard] 0.054002ms
2015-04-10 17:49:36.097 todo[4695:211148] [CDVTimer][TotalPluginStartup] 0.216961ms
2015-04-10 17:49:36.192 todo[4695:211148] Resetting plugins due to page load.
2015-04-10 17:49:36.453 todo[4695:211148] Finished load of: file:///Users/lisa/Library/Developer/CoreSimulator/Devices/BA0501AB-998E-4B8B-ADD9-D48166D3D545/data/Containers/Bundle/Application/7EB5BBC9-C960-4047-BFCA-1A03B4027013/todo.app/www/index.html
2015-04-10 17:50:15.803 todo[4781:211639] DiskCookieStorage changing policy from 2 to 0, cookie file: file:///Users/lisa/Library/Developer/CoreSimulator/Devices/BA0501AB-998E-4B8B-ADD9-D48166D3D545/data/Containers/Data/Application/2AF3455A-37BD-4642-9C97-58BB0C2B2714/Library/Cookies/Cookies.binarycookies
2015-04-10 17:50:15.878 todo[4781:211639] Apache Cordova native platform version 3.8.0 is starting.
2015-04-10 17:50:15.879 todo[4781:211639] Multi-tasking -> Device: YES, App: YES
2015-04-10 17:50:15.880 todo[4781:211639] Unlimited access to network resources
2015-04-10 17:50:15.974 todo[4781:211639] [CDVTimer][keyboard] 0.063002ms
2015-04-10 17:50:15.975 todo[4781:211639] [CDVTimer][TotalPluginStartup] 0.277996ms
2015-04-10 17:50:16.078 todo[4781:211639] Resetting plugins due to page load.
2015-04-10 17:50:16.363 todo[4781:211639] Finished load of: file:///Users/lisa/Library/Developer/CoreSimulator/Devices/BA0501AB-998E-4B8B-ADD9-D48166D3D545/data/Containers/Bundle/Application/0CE322A0-88FA-42F8-8405-33EAB2B63ECD/todo.app/www/index.html
2015-04-10 17:50:36.007 todo[4864:212117] DiskCookieStorage changing policy from 2 to 0, cookie file: file:///Users/lisa/Library/Developer/CoreSimulator/Devices/BA0501AB-998E-4B8B-ADD9-D48166D3D545/data/Containers/Data/Application/6102FC62-5474-47E7-A956-07ED04C5458C/Library/Cookies/Cookies.binarycookies
2015-04-10 17:50:36.096 todo[4864:212117] Apache Cordova native platform version 3.8.0 is starting.
2015-04-10 17:50:36.097 todo[4864:212117] Multi-tasking -> Device: YES, App: YES
2015-04-10 17:50:36.099 todo[4864:212117] Unlimited access to network resources
2015-04-10 17:50:36.197 todo[4864:212117] [CDVTimer][keyboard] 0.071943ms
2015-04-10 17:50:36.197 todo[4864:212117] [CDVTimer][TotalPluginStartup] 0.302970ms
2015-04-10 17:50:36.274 todo[4864:212117] Resetting plugins due to page load.
2015-04-10 17:50:36.523 todo[4864:212117] Finished load of: file:///Users/lisa/Library/Developer/CoreSimulator/Devices/BA0501AB-998E-4B8B-ADD9-D48166D3D545/data/Containers/Bundle/Application/721C0CA8-ADE7-44C8-AE42-5670FEB43116/todo.app/www/index.html
2015-04-10 17:50:59.128 todo[4946:212546] DiskCookieStorage changing policy from 2 to 0, cookie file: file:///Users/lisa/Library/Developer/CoreSimulator/Devices/BA0501AB-998E-4B8B-ADD9-D48166D3D545/data/Containers/Data/Application/6F1125D5-15AC-471A-8273-B4B016C99BAB/Library/Cookies/Cookies.binarycookies
2015-04-10 17:50:59.234 todo[4946:212546] Apache Cordova native platform version 3.8.0 is starting.
2015-04-10 17:50:59.234 todo[4946:212546] Multi-tasking -> Device: YES, App: YES
2015-04-10 17:50:59.238 todo[4946:212546] Unlimited access to network resources
2015-04-10 17:50:59.348 todo[4946:212546] [CDVTimer][keyboard] 0.068009ms
2015-04-10 17:50:59.348 todo[4946:212546] [CDVTimer][TotalPluginStartup] 0.252962ms
2015-04-10 17:50:59.409 todo[4946:212546] Resetting plugins due to page load.
2015-04-10 17:50:59.808 todo[4946:212546] Finished load of: file:///Users/lisa/Library/Developer/CoreSimulator/Devices/BA0501AB-998E-4B8B-ADD9-D48166D3D545/data/Containers/Bundle/Application/A0E34DB0-26C7-42F5-90A4-AEF861F5F172/todo.app/www/index.html
2015-04-10 18:26:50.061 todo[5065:218745] DiskCookieStorage changing policy from 2 to 0, cookie file: file:///Users/lisa/Library/Developer/CoreSimulator/Devices/BA0501AB-998E-4B8B-ADD9-D48166D3D545/data/Containers/Data/Application/BB3C2AE1-801F-4302-A81D-D4BA95A3264F/Library/Cookies/Cookies.binarycookies
2015-04-10 18:26:50.244 todo[5065:218745] Apache Cordova native platform version 3.8.0 is starting.
2015-04-10 18:26:50.245 todo[5065:218745] Multi-tasking -> Device: YES, App: YES
2015-04-10 18:26:50.257 todo[5065:218745] Unlimited access to network resources
2015-04-10 18:26:50.491 todo[5065:218745] [CDVTimer][keyboard] 0.104010ms
2015-04-10 18:26:50.492 todo[5065:218745] [CDVTimer][TotalPluginStartup] 0.703990ms
2015-04-10 18:26:50.742 todo[5065:218745] Resetting plugins due to page load.
2015-04-10 18:26:51.193 todo[5065:218745] Finished load of: file:///Users/lisa/Library/Developer/CoreSimulator/Devices/BA0501AB-998E-4B8B-ADD9-D48166D3D545/data/Containers/Bundle/Application/BBB38FF9-0035-4244-8452-0352F6F121B4/todo.app/www/index.html
2015-04-10 18:29:48.612 todo[5155:220116] DiskCookieStorage changing policy from 2 to 0, cookie file: file:///Users/lisa/Library/Developer/CoreSimulator/Devices/BA0501AB-998E-4B8B-ADD9-D48166D3D545/data/Containers/Data/Application/E9101470-EA61-4B76-9070-93BCCB1033DE/Library/Cookies/Cookies.binarycookies
2015-04-10 18:29:48.795 todo[5155:220116] Apache Cordova native platform version 3.8.0 is starting.
2015-04-10 18:29:48.795 todo[5155:220116] Multi-tasking -> Device: YES, App: YES
2015-04-10 18:29:48.807 todo[5155:220116] Unlimited access to network resources
2015-04-10 18:29:49.057 todo[5155:220116] [CDVTimer][keyboard] 0.069022ms
2015-04-10 18:29:49.057 todo[5155:220116] [CDVTimer][TotalPluginStartup] 0.542045ms
2015-04-10 18:29:49.302 todo[5155:220116] Resetting plugins due to page load.
2015-04-10 18:29:49.750 todo[5155:220116] Finished load of: file:///Users/lisa/Library/Developer/CoreSimulator/Devices/BA0501AB-998E-4B8B-ADD9-D48166D3D545/data/Containers/Bundle/Application/C432BE6D-CB03-414F-9D41-717342A56DC4/todo.app/www/index.html
2015-04-10 18:30:08.089 todo[5239:220604] DiskCookieStorage changing policy from 2 to 0, cookie file: file:///Users/lisa/Library/Developer/CoreSimulator/Devices/BA0501AB-998E-4B8B-ADD9-D48166D3D545/data/Containers/Data/Application/B4BBC3FA-244F-44D7-A27F-7FF8A1C11BDE/Library/Cookies/Cookies.binarycookies
2015-04-10 18:30:08.181 todo[5239:220604] Apache Cordova native platform version 3.8.0 is starting.
2015-04-10 18:30:08.182 todo[5239:220604] Multi-tasking -> Device: YES, App: YES
2015-04-10 18:30:08.184 todo[5239:220604] Unlimited access to network resources
2015-04-10 18:30:08.273 todo[5239:220604] [CDVTimer][keyboard] 0.052989ms
2015-04-10 18:30:08.273 todo[5239:220604] [CDVTimer][TotalPluginStartup] 0.216007ms
2015-04-10 18:30:08.368 todo[5239:220604] Resetting plugins due to page load.
2015-04-10 18:30:08.627 todo[5239:220604] Finished load of: file:///Users/lisa/Library/Developer/CoreSimulator/Devices/BA0501AB-998E-4B8B-ADD9-D48166D3D545/data/Containers/Bundle/Application/EBE95CC5-B82E-452B-865F-1699A88B5B1A/todo.app/www/index.html
2015-04-10 18:32:35.197 todo[5326:221777] DiskCookieStorage changing policy from 2 to 0, cookie file: file:///Users/lisa/Library/Developer/CoreSimulator/Devices/BA0501AB-998E-4B8B-ADD9-D48166D3D545/data/Containers/Data/Application/22881548-6154-4C6C-A2FA-EC3B5BB21301/Library/Cookies/Cookies.binarycookies
2015-04-10 18:32:35.288 todo[5326:221777] Apache Cordova native platform version 3.8.0 is starting.
2015-04-10 18:32:35.288 todo[5326:221777] Multi-tasking -> Device: YES, App: YES
2015-04-10 18:32:35.289 todo[5326:221777] Unlimited access to network resources
2015-04-10 18:32:35.391 todo[5326:221777] [CDVTimer][keyboard] 0.059009ms
2015-04-10 18:32:35.391 todo[5326:221777] [CDVTimer][TotalPluginStartup] 0.222981ms
2015-04-10 18:32:35.558 todo[5326:221777] Resetting plugins due to page load.
2015-04-10 18:32:35.831 todo[5326:221777] Finished load of: file:///Users/lisa/Library/Developer/CoreSimulator/Devices/BA0501AB-998E-4B8B-ADD9-D48166D3D545/data/Containers/Bundle/Application/0C9EB050-A52C-4E75-95B7-A6D9D8192948/todo.app/www/index.html
2015-04-10 18:35:38.973 todo[5416:222881] DiskCookieStorage changing policy from 2 to 0, cookie file: file:///Users/lisa/Library/Developer/CoreSimulator/Devices/BA0501AB-998E-4B8B-ADD9-D48166D3D545/data/Containers/Data/Application/71B2741D-CBC6-41C0-A46E-4A997530F66B/Library/Cookies/Cookies.binarycookies
2015-04-10 18:35:39.059 todo[5416:222881] Apache Cordova native platform version 3.8.0 is starting.
2015-04-10 18:35:39.059 todo[5416:222881] Multi-tasking -> Device: YES, App: YES
2015-04-10 18:35:39.060 todo[5416:222881] Unlimited access to network resources
2015-04-10 18:35:39.143 todo[5416:222881] [CDVTimer][keyboard] 0.054002ms
2015-04-10 18:35:39.143 todo[5416:222881] [CDVTimer][TotalPluginStartup] 0.214040ms
2015-04-10 18:35:39.219 todo[5416:222881] Resetting plugins due to page load.
2015-04-10 18:35:52.314 todo[5416:222913] void SendDelegateMessage(NSInvocation *): delegate (webView:runJavaScriptTextInputPanelWithPrompt:defaultText:initiatedByFrame:) failed to return after waiting 10 seconds. main run loop mode: kCFRunLoopDefaultMode
2015-04-10 18:35:52.381 todo[5416:222881] Finished load of: file:///Users/lisa/Library/Developer/CoreSimulator/Devices/BA0501AB-998E-4B8B-ADD9-D48166D3D545/data/Containers/Bundle/Application/6DBC5BF7-F453-4DD9-AA15-81BECA444DB4/todo.app/www/index.html
2015-04-10 18:52:08.693 todo[5548:230475] DiskCookieStorage changing policy from 2 to 0, cookie file: file:///Users/lisa/Library/Developer/CoreSimulator/Devices/BA0501AB-998E-4B8B-ADD9-D48166D3D545/data/Containers/Data/Application/A4F68B22-E6F3-4575-B2BA-A6A104D42A6E/Library/Cookies/Cookies.binarycookies
2015-04-10 18:52:08.867 todo[5548:230475] Apache Cordova native platform version 3.8.0 is starting.
2015-04-10 18:52:08.867 todo[5548:230475] Multi-tasking -> Device: YES, App: YES
2015-04-10 18:52:08.879 todo[5548:230475] Unlimited access to network resources
2015-04-10 18:52:09.149 todo[5548:230475] [CDVTimer][keyboard] 0.360012ms
2015-04-10 18:52:09.149 todo[5548:230475] [CDVTimer][TotalPluginStartup] 0.806987ms
2015-04-10 18:52:09.463 todo[5548:230475] Resetting plugins due to page load.
2015-04-10 18:52:09.955 todo[5548:230475] Finished load of: file:///Users/lisa/Library/Developer/CoreSimulator/Devices/BA0501AB-998E-4B8B-ADD9-D48166D3D545/data/Containers/Bundle/Application/B43C939A-67BF-4DE2-9F78-6723DB5C8D78/todo.app/www/index.html
2015-04-10 18:52:45.598 todo[5631:231063] DiskCookieStorage changing policy from 2 to 0, cookie file: file:///Users/lisa/Library/Developer/CoreSimulator/Devices/BA0501AB-998E-4B8B-ADD9-D48166D3D545/data/Containers/Data/Application/C31981CC-81AA-4B7D-A3E5-40C7DC52A48E/Library/Cookies/Cookies.binarycookies
2015-04-10 18:52:45.674 todo[5631:231063] Apache Cordova native platform version 3.8.0 is starting.
2015-04-10 18:52:45.674 todo[5631:231063] Multi-tasking -> Device: YES, App: YES
2015-04-10 18:52:45.676 todo[5631:231063] Unlimited access to network resources
2015-04-10 18:52:45.760 todo[5631:231063] [CDVTimer][keyboard] 0.056028ms
2015-04-10 18:52:45.760 todo[5631:231063] [CDVTimer][TotalPluginStartup] 0.221014ms
2015-04-10 18:52:45.856 todo[5631:231063] Resetting plugins due to page load.
2015-04-10 18:52:46.120 todo[5631:231063] Finished load of: file:///Users/lisa/Library/Developer/CoreSimulator/Devices/BA0501AB-998E-4B8B-ADD9-D48166D3D545/data/Containers/Bundle/Application/93A2397E-40C9-4B13-A1B4-C5F69B282F06/todo.app/www/index.html
2015-04-10 18:53:40.136 todo[5716:231827] DiskCookieStorage changing policy from 2 to 0, cookie file: file:///Users/lisa/Library/Developer/CoreSimulator/Devices/BA0501AB-998E-4B8B-ADD9-D48166D3D545/data/Containers/Data/Application/5DC584CA-C910-4871-A2FB-970FA27FBCA4/Library/Cookies/Cookies.binarycookies
2015-04-10 18:53:40.205 todo[5716:231827] Apache Cordova native platform version 3.8.0 is starting.
2015-04-10 18:53:40.206 todo[5716:231827] Multi-tasking -> Device: YES, App: YES
2015-04-10 18:53:40.207 todo[5716:231827] Unlimited access to network resources
2015-04-10 18:53:40.299 todo[5716:231827] [CDVTimer][keyboard] 0.056028ms
2015-04-10 18:53:40.299 todo[5716:231827] [CDVTimer][TotalPluginStartup] 0.211000ms
2015-04-10 18:53:40.438 todo[5716:231827] Resetting plugins due to page load.
2015-04-10 18:53:40.686 todo[5716:231827] Finished load of: file:///Users/lisa/Library/Developer/CoreSimulator/Devices/BA0501AB-998E-4B8B-ADD9-D48166D3D545/data/Containers/Bundle/Application/50A3E154-DD66-4CE1-94E3-D245CB2CEF00/todo.app/www/index.html
2015-04-10 19:12:18.433 todo[5833:238329] DiskCookieStorage changing policy from 2 to 0, cookie file: file:///Users/lisa/Library/Developer/CoreSimulator/Devices/BA0501AB-998E-4B8B-ADD9-D48166D3D545/data/Containers/Data/Application/B1C4AE83-B215-4FA2-9AC7-6120DE2E00E3/Library/Cookies/Cookies.binarycookies
2015-04-10 19:12:18.636 todo[5833:238329] Apache Cordova native platform version 3.8.0 is starting.
2015-04-10 19:12:18.636 todo[5833:238329] Multi-tasking -> Device: YES, App: YES
2015-04-10 19:12:18.649 todo[5833:238329] Unlimited access to network resources
2015-04-10 19:12:18.889 todo[5833:238329] [CDVTimer][keyboard] 0.060976ms
2015-04-10 19:12:18.889 todo[5833:238329] [CDVTimer][TotalPluginStartup] 0.402987ms
2015-04-10 19:12:19.130 todo[5833:238329] Resetting plugins due to page load.
2015-04-10 19:12:19.601 todo[5833:238329] Finished load of: file:///Users/lisa/Library/Developer/CoreSimulator/Devices/BA0501AB-998E-4B8B-ADD9-D48166D3D545/data/Containers/Bundle/Application/71DFE1F3-0632-4634-A0C9-24BD71F8A3E8/todo.app/www/index.html
2015-04-10 20:44:41.281 todo[6328:265895] DiskCookieStorage changing policy from 2 to 0, cookie file: file:///Users/lisa/Library/Developer/CoreSimulator/Devices/BA0501AB-998E-4B8B-ADD9-D48166D3D545/data/Containers/Data/Application/AD0FADA5-832E-4426-BE0C-5ADAACBC2AF8/Library/Cookies/Cookies.binarycookies
2015-04-10 20:44:41.469 todo[6328:265895] Apache Cordova native platform version 3.8.0 is starting.
2015-04-10 20:44:41.470 todo[6328:265895] Multi-tasking -> Device: YES, App: YES
2015-04-10 20:44:41.485 todo[6328:265895] Unlimited access to network resources
2015-04-10 20:44:41.782 todo[6328:265895] [CDVTimer][keyboard] 0.072002ms
2015-04-10 20:44:41.782 todo[6328:265895] [CDVTimer][TotalPluginStartup] 0.486970ms
2015-04-10 20:44:42.034 todo[6328:265895] Resetting plugins due to page load.
2015-04-10 20:44:42.617 todo[6328:265895] Finished load of: file:///Users/lisa/Library/Developer/CoreSimulator/Devices/BA0501AB-998E-4B8B-ADD9-D48166D3D545/data/Containers/Bundle/Application/E174112C-F649-48D3-93B4-F58ABE507D65/todo.app/www/index.html
2015-04-10 20:48:38.002 todo[6461:268168] DiskCookieStorage changing policy from 2 to 0, cookie file: file:///Users/lisa/Library/Developer/CoreSimulator/Devices/BA0501AB-998E-4B8B-ADD9-D48166D3D545/data/Containers/Data/Application/721AF46B-DA1A-4C58-87C6-A6CE7C20C51B/Library/Cookies/Cookies.binarycookies
2015-04-10 20:48:38.081 todo[6461:268168] Apache Cordova native platform version 3.8.0 is starting.
2015-04-10 20:48:38.082 todo[6461:268168] Multi-tasking -> Device: YES, App: YES
2015-04-10 20:48:38.083 todo[6461:268168] Unlimited access to network resources
2015-04-10 20:48:38.167 todo[6461:268168] [CDVTimer][keyboard] 0.057995ms
2015-04-10 20:48:38.167 todo[6461:268168] [CDVTimer][TotalPluginStartup] 0.218987ms
2015-04-10 20:48:38.259 todo[6461:268168] Resetting plugins due to page load.
2015-04-10 20:48:38.544 todo[6461:268168] Finished load of: file:///Users/lisa/Library/Developer/CoreSimulator/Devices/BA0501AB-998E-4B8B-ADD9-D48166D3D545/data/Containers/Bundle/Application/95DDBF99-CC0D-4B2A-A0E4-E24CB16B1875/todo.app/www/index.html
2015-04-10 20:49:24.272 todo[6552:268859] DiskCookieStorage changing policy from 2 to 0, cookie file: file:///Users/lisa/Library/Developer/CoreSimulator/Devices/BA0501AB-998E-4B8B-ADD9-D48166D3D545/data/Containers/Data/Application/B93C25DC-C812-48BA-BC7E-1780B67AC31E/Library/Cookies/Cookies.binarycookies
2015-04-10 20:49:24.344 todo[6552:268859] Apache Cordova native platform version 3.8.0 is starting.
2015-04-10 20:49:24.344 todo[6552:268859] Multi-tasking -> Device: YES, App: YES
2015-04-10 20:49:24.346 todo[6552:268859] Unlimited access to network resources
2015-04-10 20:49:24.430 todo[6552:268859] [CDVTimer][keyboard] 0.056982ms
2015-04-10 20:49:24.430 todo[6552:268859] [CDVTimer][TotalPluginStartup] 0.218987ms
2015-04-10 20:49:24.527 todo[6552:268859] Resetting plugins due to page load.
2015-04-10 20:49:24.794 todo[6552:268859] Finished load of: file:///Users/lisa/Library/Developer/CoreSimulator/Devices/BA0501AB-998E-4B8B-ADD9-D48166D3D545/data/Containers/Bundle/Application/87021757-99A7-401F-AA88-C91D3A15D942/todo.app/www/index.html
2015-04-10 20:50:30.376 todo[6639:269641] DiskCookieStorage changing policy from 2 to 0, cookie file: file:///Users/lisa/Library/Developer/CoreSimulator/Devices/BA0501AB-998E-4B8B-ADD9-D48166D3D545/data/Containers/Data/Application/35013FC8-A77F-4A93-B5E6-23AA389F2E54/Library/Cookies/Cookies.binarycookies
2015-04-10 20:50:30.457 todo[6639:269641] Apache Cordova native platform version 3.8.0 is starting.
2015-04-10 20:50:30.457 todo[6639:269641] Multi-tasking -> Device: YES, App: YES
2015-04-10 20:50:30.459 todo[6639:269641] Unlimited access to network resources
2015-04-10 20:50:30.560 todo[6639:269641] [CDVTimer][keyboard] 0.057995ms
2015-04-10 20:50:30.560 todo[6639:269641] [CDVTimer][TotalPluginStartup] 0.214040ms
2015-04-10 20:50:30.648 todo[6639:269641] Resetting plugins due to page load.
2015-04-10 20:50:30.913 todo[6639:269641] Finished load of: file:///Users/lisa/Library/Developer/CoreSimulator/Devices/BA0501AB-998E-4B8B-ADD9-D48166D3D545/data/Containers/Bundle/Application/E601D607-906C-43DD-BDEF-809CEA057082/todo.app/www/index.html
2015-04-10 20:58:02.630 todo[6740:272378] DiskCookieStorage changing policy from 2 to 0, cookie file: file:///Users/lisa/Library/Developer/CoreSimulator/Devices/BA0501AB-998E-4B8B-ADD9-D48166D3D545/data/Containers/Data/Application/0EDEE17A-8981-407F-9A18-8057EE663C75/Library/Cookies/Cookies.binarycookies
2015-04-10 20:58:02.825 todo[6740:272378] Apache Cordova native platform version 3.8.0 is starting.
2015-04-10 20:58:02.825 todo[6740:272378] Multi-tasking -> Device: YES, App: YES
2015-04-10 20:58:02.837 todo[6740:272378] Unlimited access to network resources
2015-04-10 20:58:03.086 todo[6740:272378] [CDVTimer][keyboard] 0.074029ms
2015-04-10 20:58:03.086 todo[6740:272378] [CDVTimer][TotalPluginStartup] 0.294030ms
2015-04-10 20:58:03.278 todo[6740:272378] Resetting plugins due to page load.
2015-04-10 20:58:03.581 todo[6740:272378] Finished load of: file:///Users/lisa/Library/Developer/CoreSimulator/Devices/BA0501AB-998E-4B8B-ADD9-D48166D3D545/data/Containers/Bundle/Application/01C2BBB8-AC71-4BE3-8BE9-8E493DD98D01/todo.app/www/index.html
2015-04-10 21:00:33.562 todo[6830:273564] DiskCookieStorage changing policy from 2 to 0, cookie file: file:///Users/lisa/Library/Developer/CoreSimulator/Devices/BA0501AB-998E-4B8B-ADD9-D48166D3D545/data/Containers/Data/Application/1C357562-3134-411C-95C9-C43B028B8B86/Library/Cookies/Cookies.binarycookies
2015-04-10 21:00:33.650 todo[6830:273564] Apache Cordova native platform version 3.8.0 is starting.
2015-04-10 21:00:33.650 todo[6830:273564] Multi-tasking -> Device: YES, App: YES
2015-04-10 21:00:33.652 todo[6830:273564] Unlimited access to network resources
2015-04-10 21:00:33.742 todo[6830:273564] [CDVTimer][keyboard] 0.056028ms
2015-04-10 21:00:33.742 todo[6830:273564] [CDVTimer][TotalPluginStartup] 0.216007ms
2015-04-10 21:00:33.854 todo[6830:273564] Resetting plugins due to page load.
2015-04-10 21:00:34.205 todo[6830:273564] Finished load of: file:///Users/lisa/Library/Developer/CoreSimulator/Devices/BA0501AB-998E-4B8B-ADD9-D48166D3D545/data/Containers/Bundle/Application/E58FF085-9A62-4110-BBC9-4A20A1EC31F4/todo.app/www/index.html
2015-04-10 21:01:22.508 todo[6916:274209] DiskCookieStorage changing policy from 2 to 0, cookie file: file:///Users/lisa/Library/Developer/CoreSimulator/Devices/BA0501AB-998E-4B8B-ADD9-D48166D3D545/data/Containers/Data/Application/FA23CF6B-BCFB-4CB6-A4DF-41FFF6F7A305/Library/Cookies/Cookies.binarycookies
2015-04-10 21:01:22.596 todo[6916:274209] Apache Cordova native platform version 3.8.0 is starting.
2015-04-10 21:01:22.596 todo[6916:274209] Multi-tasking -> Device: YES, App: YES
2015-04-10 21:01:22.598 todo[6916:274209] Unlimited access to network resources
2015-04-10 21:01:22.698 todo[6916:274209] [CDVTimer][keyboard] 0.074983ms
2015-04-10 21:01:22.698 todo[6916:274209] [CDVTimer][TotalPluginStartup] 0.275970ms
2015-04-10 21:01:22.768 todo[6916:274209] Resetting plugins due to page load.
2015-04-10 21:01:22.993 todo[6916:274209] Finished load of: file:///Users/lisa/Library/Developer/CoreSimulator/Devices/BA0501AB-998E-4B8B-ADD9-D48166D3D545/data/Containers/Bundle/Application/D96F252F-1672-473E-A097-85E4F21B67B3/todo.app/www/index.html
2015-04-10 21:06:45.283 todo[7007:276851] DiskCookieStorage changing policy from 2 to 0, cookie file: file:///Users/lisa/Library/Developer/CoreSimulator/Devices/BA0501AB-998E-4B8B-ADD9-D48166D3D545/data/Containers/Data/Application/AC1B65E5-CDD6-46F7-9116-8B3598E56AA7/Library/Cookies/Cookies.binarycookies
2015-04-10 21:06:45.477 todo[7007:276851] Apache Cordova native platform version 3.8.0 is starting.
2015-04-10 21:06:45.478 todo[7007:276851] Multi-tasking -> Device: YES, App: YES
2015-04-10 21:06:45.490 todo[7007:276851] Unlimited access to network resources
2015-04-10 21:06:45.737 todo[7007:276851] [CDVTimer][keyboard] 0.066042ms
2015-04-10 21:06:45.737 todo[7007:276851] [CDVTimer][TotalPluginStartup] 0.620008ms
2015-04-10 21:06:45.984 todo[7007:276851] Resetting plugins due to page load.
2015-04-10 21:06:46.445 todo[7007:276851] Finished load of: file:///Users/lisa/Library/Developer/CoreSimulator/Devices/BA0501AB-998E-4B8B-ADD9-D48166D3D545/data/Containers/Bundle/Application/833CE892-7770-412A-A592-C950557140A5/todo.app/www/index.html
2015-04-10 21:07:41.521 todo[7090:277748] DiskCookieStorage changing policy from 2 to 0, cookie file: file:///Users/lisa/Library/Developer/CoreSimulator/Devices/BA0501AB-998E-4B8B-ADD9-D48166D3D545/data/Containers/Data/Application/F3FA0173-D374-4387-A0CB-855B573005B0/Library/Cookies/Cookies.binarycookies
2015-04-10 21:07:41.602 todo[7090:277748] Apache Cordova native platform version 3.8.0 is starting.
2015-04-10 21:07:41.603 todo[7090:277748] Multi-tasking -> Device: YES, App: YES
2015-04-10 21:07:41.604 todo[7090:277748] Unlimited access to network resources
2015-04-10 21:07:41.688 todo[7090:277748] [CDVTimer][keyboard] 0.054002ms
2015-04-10 21:07:41.688 todo[7090:277748] [CDVTimer][TotalPluginStartup] 0.216007ms
2015-04-10 21:07:41.767 todo[7090:277748] Resetting plugins due to page load.
2015-04-10 21:07:42.033 todo[7090:277748] Finished load of: file:///Users/lisa/Library/Developer/CoreSimulator/Devices/BA0501AB-998E-4B8B-ADD9-D48166D3D545/data/Containers/Bundle/Application/AF0C29E2-D95C-40E1-B899-B3001630FD39/todo.app/www/index.html
2015-04-10 21:09:38.920 todo[7184:279099] DiskCookieStorage changing policy from 2 to 0, cookie file: file:///Users/lisa/Library/Developer/CoreSimulator/Devices/BA0501AB-998E-4B8B-ADD9-D48166D3D545/data/Containers/Data/Application/D3130019-5AE9-4991-9D51-8C9B45725A8B/Library/Cookies/Cookies.binarycookies
2015-04-10 21:09:39.021 todo[7184:279099] Apache Cordova native platform version 3.8.0 is starting.
2015-04-10 21:09:39.021 todo[7184:279099] Multi-tasking -> Device: YES, App: YES
2015-04-10 21:09:39.023 todo[7184:279099] Unlimited access to network resources
2015-04-10 21:09:39.105 todo[7184:279099] [CDVTimer][keyboard] 0.054002ms
2015-04-10 21:09:39.105 todo[7184:279099] [CDVTimer][TotalPluginStartup] 0.213981ms
2015-04-10 21:09:39.217 todo[7184:279099] Resetting plugins due to page load.
2015-04-10 21:09:39.454 todo[7184:279099] Finished load of: file:///Users/lisa/Library/Developer/CoreSimulator/Devices/BA0501AB-998E-4B8B-ADD9-D48166D3D545/data/Containers/Bundle/Application/47277259-1764-4E7C-8B4A-FEC818FC3EF3/todo.app/www/index.html
2015-04-10 21:10:57.108 todo[7272:280077] DiskCookieStorage changing policy from 2 to 0, cookie file: file:///Users/lisa/Library/Developer/CoreSimulator/Devices/BA0501AB-998E-4B8B-ADD9-D48166D3D545/data/Containers/Data/Application/91274695-3766-4490-9510-275082D35E07/Library/Cookies/Cookies.binarycookies
2015-04-10 21:10:57.178 todo[7272:280077] Apache Cordova native platform version 3.8.0 is starting.
2015-04-10 21:10:57.179 todo[7272:280077] Multi-tasking -> Device: YES, App: YES
2015-04-10 21:10:57.180 todo[7272:280077] Unlimited access to network resources
2015-04-10 21:10:57.273 todo[7272:280077] [CDVTimer][keyboard] 0.093997ms
2015-04-10 21:10:57.274 todo[7272:280077] [CDVTimer][TotalPluginStartup] 0.265002ms
2015-04-10 21:10:57.416 todo[7272:280077] Resetting plugins due to page load.
2015-04-10 21:10:57.667 todo[7272:280077] Finished load of: file:///Users/lisa/Library/Developer/CoreSimulator/Devices/BA0501AB-998E-4B8B-ADD9-D48166D3D545/data/Containers/Bundle/Application/20EC3D17-F8B1-4260-87B3-392BD1B2F19C/todo.app/www/index.html
2015-04-10 21:11:24.630 todo[7355:280575] DiskCookieStorage changing policy from 2 to 0, cookie file: file:///Users/lisa/Library/Developer/CoreSimulator/Devices/BA0501AB-998E-4B8B-ADD9-D48166D3D545/data/Containers/Data/Application/7B661E44-9768-44C5-B046-535CF701971C/Library/Cookies/Cookies.binarycookies
2015-04-10 21:11:24.745 todo[7355:280575] Apache Cordova native platform version 3.8.0 is starting.
2015-04-10 21:11:24.745 todo[7355:280575] Multi-tasking -> Device: YES, App: YES
2015-04-10 21:11:24.747 todo[7355:280575] Unlimited access to network resources
2015-04-10 21:11:24.848 todo[7355:280575] [CDVTimer][keyboard] 0.056028ms
2015-04-10 21:11:24.848 todo[7355:280575] [CDVTimer][TotalPluginStartup] 0.222981ms
2015-04-10 21:11:24.938 todo[7355:280575] Resetting plugins due to page load.
2015-04-10 21:11:25.215 todo[7355:280575] Finished load of: file:///Users/lisa/Library/Developer/CoreSimulator/Devices/BA0501AB-998E-4B8B-ADD9-D48166D3D545/data/Containers/Bundle/Application/7C45829F-8C2D-4590-8170-8690C73D2ACC/todo.app/www/index.html
2015-04-10 21:12:02.336 todo[7442:281153] DiskCookieStorage changing policy from 2 to 0, cookie file: file:///Users/lisa/Library/Developer/CoreSimulator/Devices/BA0501AB-998E-4B8B-ADD9-D48166D3D545/data/Containers/Data/Application/5BC666FC-65BA-4857-8AB9-418428E45C98/Library/Cookies/Cookies.binarycookies
2015-04-10 21:12:02.413 todo[7442:281153] Apache Cordova native platform version 3.8.0 is starting.
2015-04-10 21:12:02.413 todo[7442:281153] Multi-tasking -> Device: YES, App: YES
2015-04-10 21:12:02.416 todo[7442:281153] Unlimited access to network resources
2015-04-10 21:12:02.503 todo[7442:281153] [CDVTimer][keyboard] 0.055969ms
2015-04-10 21:12:02.503 todo[7442:281153] [CDVTimer][TotalPluginStartup] 0.214994ms
2015-04-10 21:12:02.639 todo[7442:281153] Resetting plugins due to page load.
2015-04-10 21:12:02.898 todo[7442:281153] Finished load of: file:///Users/lisa/Library/Developer/CoreSimulator/Devices/BA0501AB-998E-4B8B-ADD9-D48166D3D545/data/Containers/Bundle/Application/DD05369A-FD37-478B-B839-56090949904A/todo.app/www/index.html
2015-04-10 21:16:03.401 todo[7533:282653] DiskCookieStorage changing policy from 2 to 0, cookie file: file:///Users/lisa/Library/Developer/CoreSimulator/Devices/BA0501AB-998E-4B8B-ADD9-D48166D3D545/data/Containers/Data/Application/7BEEB293-E5CE-4EF5-AE5E-917BE7802887/Library/Cookies/Cookies.binarycookies
2015-04-10 21:16:03.499 todo[7533:282653] Apache Cordova native platform version 3.8.0 is starting.
2015-04-10 21:16:03.500 todo[7533:282653] Multi-tasking -> Device: YES, App: YES
2015-04-10 21:16:03.501 todo[7533:282653] Unlimited access to network resources
2015-04-10 21:16:03.620 todo[7533:282653] [CDVTimer][keyboard] 0.055969ms
2015-04-10 21:16:03.621 todo[7533:282653] [CDVTimer][TotalPluginStartup] 0.250995ms
2015-04-10 21:16:03.710 todo[7533:282653] Resetting plugins due to page load.
2015-04-10 21:16:04.001 todo[7533:282653] Finished load of: file:///Users/lisa/Library/Developer/CoreSimulator/Devices/BA0501AB-998E-4B8B-ADD9-D48166D3D545/data/Containers/Bundle/Application/77D53709-C90B-45E3-9448-33949A25960D/todo.app/www/index.html
2015-04-10 21:16:34.650 todo[7616:283240] DiskCookieStorage changing policy from 2 to 0, cookie file: file:///Users/lisa/Library/Developer/CoreSimulator/Devices/BA0501AB-998E-4B8B-ADD9-D48166D3D545/data/Containers/Data/Application/14CDBFB7-D7A9-43DD-A195-C9EFA74F87BD/Library/Cookies/Cookies.binarycookies
2015-04-10 21:16:34.738 todo[7616:283240] Apache Cordova native platform version 3.8.0 is starting.
2015-04-10 21:16:34.739 todo[7616:283240] Multi-tasking -> Device: YES, App: YES
2015-04-10 21:16:34.740 todo[7616:283240] Unlimited access to network resources
2015-04-10 21:16:34.847 todo[7616:283240] [CDVTimer][keyboard] 0.057995ms
2015-04-10 21:16:34.847 todo[7616:283240] [CDVTimer][TotalPluginStartup] 0.227034ms
2015-04-10 21:16:34.929 todo[7616:283240] Resetting plugins due to page load.
2015-04-10 21:16:35.205 todo[7616:283240] Finished load of: file:///Users/lisa/Library/Developer/CoreSimulator/Devices/BA0501AB-998E-4B8B-ADD9-D48166D3D545/data/Containers/Bundle/Application/BDC9F551-4AE5-4D94-82FE-460C601F1A25/todo.app/www/index.html
2015-04-10 21:21:18.506 todo[7717:285228] DiskCookieStorage changing policy from 2 to 0, cookie file: file:///Users/lisa/Library/Developer/CoreSimulator/Devices/BA0501AB-998E-4B8B-ADD9-D48166D3D545/data/Containers/Data/Application/7C620FFC-03C0-4494-AE71-D452447F343A/Library/Cookies/Cookies.binarycookies
2015-04-10 21:21:18.581 todo[7717:285228] Apache Cordova native platform version 3.8.0 is starting.
2015-04-10 21:21:18.581 todo[7717:285228] Multi-tasking -> Device: YES, App: YES
2015-04-10 21:21:18.582 todo[7717:285228] Unlimited access to network resources
2015-04-10 21:21:18.674 todo[7717:285228] [CDVTimer][keyboard] 0.056982ms
2015-04-10 21:21:18.674 todo[7717:285228] [CDVTimer][TotalPluginStartup] 0.220001ms
2015-04-10 21:21:18.823 todo[7717:285228] Resetting plugins due to page load.
2015-04-10 21:21:19.098 todo[7717:285228] Finished load of: file:///Users/lisa/Library/Developer/CoreSimulator/Devices/BA0501AB-998E-4B8B-ADD9-D48166D3D545/data/Containers/Bundle/Application/6AC823E8-28C5-4A01-B7B6-91F9E3A014F5/todo.app/www/index.html
2015-04-10 21:22:17.367 todo[7801:285913] DiskCookieStorage changing policy from 2 to 0, cookie file: file:///Users/lisa/Library/Developer/CoreSimulator/Devices/BA0501AB-998E-4B8B-ADD9-D48166D3D545/data/Containers/Data/Application/D4555AF9-175C-4E97-8BCB-25C1A9A8931A/Library/Cookies/Cookies.binarycookies
2015-04-10 21:22:17.437 todo[7801:285913] Apache Cordova native platform version 3.8.0 is starting.
2015-04-10 21:22:17.437 todo[7801:285913] Multi-tasking -> Device: YES, App: YES
2015-04-10 21:22:17.438 todo[7801:285913] Unlimited access to network resources
2015-04-10 21:22:17.522 todo[7801:285913] [CDVTimer][keyboard] 0.052989ms
2015-04-10 21:22:17.522 todo[7801:285913] [CDVTimer][TotalPluginStartup] 0.214994ms
2015-04-10 21:22:17.615 todo[7801:285913] Resetting plugins due to page load.
2015-04-10 21:22:17.817 todo[7801:285913] Finished load of: file:///Users/lisa/Library/Developer/CoreSimulator/Devices/BA0501AB-998E-4B8B-ADD9-D48166D3D545/data/Containers/Bundle/Application/6EC22C3F-33FB-4761-823C-818328297A65/todo.app/www/index.html
2015-04-10 21:23:49.999 todo[7892:286828] DiskCookieStorage changing policy from 2 to 0, cookie file: file:///Users/lisa/Library/Developer/CoreSimulator/Devices/BA0501AB-998E-4B8B-ADD9-D48166D3D545/data/Containers/Data/Application/36554456-459E-4015-B420-A90B2813ECB4/Library/Cookies/Cookies.binarycookies
2015-04-10 21:23:50.096 todo[7892:286828] Apache Cordova native platform version 3.8.0 is starting.
2015-04-10 21:23:50.096 todo[7892:286828] Multi-tasking -> Device: YES, App: YES
2015-04-10 21:23:50.098 todo[7892:286828] Unlimited access to network resources
2015-04-10 21:23:50.215 todo[7892:286828] [CDVTimer][keyboard] 0.056028ms
2015-04-10 21:23:50.215 todo[7892:286828] [CDVTimer][TotalPluginStartup] 0.238001ms
2015-04-10 21:23:50.296 todo[7892:286828] Resetting plugins due to page load.
2015-04-10 21:23:50.577 todo[7892:286828] Finished load of: file:///Users/lisa/Library/Developer/CoreSimulator/Devices/BA0501AB-998E-4B8B-ADD9-D48166D3D545/data/Containers/Bundle/Application/A3F3A8BB-DEDF-4DCA-9A58-0B7264399AC5/todo.app/www/index.html
2015-04-10 21:25:17.411 todo[7982:287628] DiskCookieStorage changing policy from 2 to 0, cookie file: file:///Users/lisa/Library/Developer/CoreSimulator/Devices/BA0501AB-998E-4B8B-ADD9-D48166D3D545/data/Containers/Data/Application/807F8623-E8EA-4AE6-9E8A-7A744EBC1941/Library/Cookies/Cookies.binarycookies
2015-04-10 21:25:17.495 todo[7982:287628] Apache Cordova native platform version 3.8.0 is starting.
2015-04-10 21:25:17.495 todo[7982:287628] Multi-tasking -> Device: YES, App: YES
2015-04-10 21:25:17.497 todo[7982:287628] Unlimited access to network resources
2015-04-10 21:25:17.591 todo[7982:287628] [CDVTimer][keyboard] 0.054002ms
2015-04-10 21:25:17.591 todo[7982:287628] [CDVTimer][TotalPluginStartup] 0.249028ms
2015-04-10 21:25:17.677 todo[7982:287628] Resetting plugins due to page load.
2015-04-10 21:25:17.894 todo[7982:287628] Finished load of: file:///Users/lisa/Library/Developer/CoreSimulator/Devices/BA0501AB-998E-4B8B-ADD9-D48166D3D545/data/Containers/Bundle/Application/3E50328F-D7B9-4C66-B41F-6C2F9E0BE0F5/todo.app/www/index.html
2015-04-10 21:26:45.226 todo[8068:288560] DiskCookieStorage changing policy from 2 to 0, cookie file: file:///Users/lisa/Library/Developer/CoreSimulator/Devices/BA0501AB-998E-4B8B-ADD9-D48166D3D545/data/Containers/Data/Application/9011012E-54D7-477C-8412-2CB203C93B2E/Library/Cookies/Cookies.binarycookies
2015-04-10 21:26:45.313 todo[8068:288560] Apache Cordova native platform version 3.8.0 is starting.
2015-04-10 21:26:45.313 todo[8068:288560] Multi-tasking -> Device: YES, App: YES
2015-04-10 21:26:45.314 todo[8068:288560] Unlimited access to network resources
2015-04-10 21:26:45.413 todo[8068:288560] [CDVTimer][keyboard] 0.056982ms
2015-04-10 21:26:45.413 todo[8068:288560] [CDVTimer][TotalPluginStartup] 0.236988ms
2015-04-10 21:26:45.544 todo[8068:288560] Resetting plugins due to page load.
2015-04-10 21:26:45.835 todo[8068:288560] Finished load of: file:///Users/lisa/Library/Developer/CoreSimulator/Devices/BA0501AB-998E-4B8B-ADD9-D48166D3D545/data/Containers/Bundle/Application/5C6A2224-7B78-402D-A9F9-1E1F5152CFE0/todo.app/www/index.html
2015-04-10 21:30:17.437 todo[8161:290292] DiskCookieStorage changing policy from 2 to 0, cookie file: file:///Users/lisa/Library/Developer/CoreSimulator/Devices/BA0501AB-998E-4B8B-ADD9-D48166D3D545/data/Containers/Data/Application/9CAD75FA-7C01-440D-961B-C7D9E06370C4/Library/Cookies/Cookies.binarycookies
2015-04-10 21:30:17.529 todo[8161:290292] Apache Cordova native platform version 3.8.0 is starting.
2015-04-10 21:30:17.529 todo[8161:290292] Multi-tasking -> Device: YES, App: YES
2015-04-10 21:30:17.532 todo[8161:290292] Unlimited access to network resources
2015-04-10 21:30:17.619 todo[8161:290292] [CDVTimer][keyboard] 0.052035ms
2015-04-10 21:30:17.619 todo[8161:290292] [CDVTimer][TotalPluginStartup] 0.214994ms
2015-04-10 21:30:17.715 todo[8161:290292] Resetting plugins due to page load.
2015-04-10 21:30:25.891 todo[8161:290292] Finished load of: file:///Users/lisa/Library/Developer/CoreSimulator/Devices/BA0501AB-998E-4B8B-ADD9-D48166D3D545/data/Containers/Bundle/Application/E800F6D1-5F2F-4345-A5EB-F686697CCFFD/todo.app/www/index.html
2015-04-12 20:55:27.233 todo[910:17569] DiskCookieStorage changing policy from 2 to 0, cookie file: file:///Users/lisa/Library/Developer/CoreSimulator/Devices/BA0501AB-998E-4B8B-ADD9-D48166D3D545/data/Containers/Data/Application/6AB1C250-4F2A-480A-AA98-9D3D5D87C13D/Library/Cookies/Cookies.binarycookies
2015-04-12 20:55:27.416 todo[910:17569] Apache Cordova native platform version 3.8.0 is starting.
2015-04-12 20:55:27.416 todo[910:17569] Multi-tasking -> Device: YES, App: YES
2015-04-12 20:55:27.429 todo[910:17569] Unlimited access to network resources
2015-04-12 20:55:27.708 todo[910:17569] [CDVTimer][keyboard] 0.077009ms
2015-04-12 20:55:27.708 todo[910:17569] [CDVTimer][TotalPluginStartup] 0.290990ms
2015-04-12 20:55:27.930 todo[910:17569] Resetting plugins due to page load.
2015-04-12 20:55:28.386 todo[910:17569] Finished load of: file:///Users/lisa/Library/Developer/CoreSimulator/Devices/BA0501AB-998E-4B8B-ADD9-D48166D3D545/data/Containers/Bundle/Application/FADD5344-EF92-42E1-AE23-0C0CAD2BE39F/todo.app/www/index.html
